[2023-10-03 00:19:07Z INFO HostContext] No proxy settings were found based on environmental variables (http_proxy/https_proxy/HTTP_PROXY/HTTPS_PROXY)
[2023-10-03 00:19:07Z INFO HostContext] Well known directory 'Bin': 'C:\GIT\meuGITHUB\calculator\actions-runner\bin'
[2023-10-03 00:19:07Z INFO HostContext] Well known directory 'Root': 'C:\GIT\meuGITHUB\calculator\actions-runner'
[2023-10-03 00:19:07Z INFO HostContext] Well known config file 'Credentials': 'C:\GIT\meuGITHUB\calculator\actions-runner\.credentials'
[2023-10-03 00:19:07Z INFO HostContext] Well known directory 'Bin': 'C:\GIT\meuGITHUB\calculator\actions-runner\bin'
[2023-10-03 00:19:07Z INFO HostContext] Well known directory 'Root': 'C:\GIT\meuGITHUB\calculator\actions-runner'
[2023-10-03 00:19:07Z INFO HostContext] Well known config file 'Runner': 'C:\GIT\meuGITHUB\calculator\actions-runner\.runner'
[2023-10-03 00:19:07Z INFO Listener] Runner is built for Windows (X64) - win-x64.
[2023-10-03 00:19:07Z INFO Listener] RuntimeInformation: Microsoft Windows 10.0.22621.
[2023-10-03 00:19:07Z INFO Listener] Version: 2.309.0
[2023-10-03 00:19:07Z INFO Listener] Commit: bdfef345577cb66994787a4166e717744da6379f
[2023-10-03 00:19:07Z INFO Listener] Culture: pt-BR
[2023-10-03 00:19:07Z INFO Listener] UI Culture: pt-BR
[2023-10-03 00:19:07Z INFO HostContext] Well known directory 'Bin': 'C:\GIT\meuGITHUB\calculator\actions-runner\bin'
[2023-10-03 00:19:07Z INFO HostContext] Well known directory 'Root': 'C:\GIT\meuGITHUB\calculator\actions-runner'
[2023-10-03 00:19:07Z INFO Listener] Validating directory permissions for: 'C:\GIT\meuGITHUB\calculator\actions-runner'
[2023-10-03 00:19:07Z INFO CommandLineParser] Parse
[2023-10-03 00:19:07Z INFO CommandLineParser] Parsing 5 args
[2023-10-03 00:19:07Z INFO CommandLineParser] parsing argument
[2023-10-03 00:19:07Z INFO CommandLineParser] HasArgs: False
[2023-10-03 00:19:07Z INFO CommandLineParser] Adding Command: configure
[2023-10-03 00:19:07Z INFO CommandLineParser] parsing argument
[2023-10-03 00:19:07Z INFO CommandLineParser] HasArgs: True
[2023-10-03 00:19:07Z INFO CommandLineParser] arg: url
[2023-10-03 00:19:07Z INFO CommandLineParser] parsing argument
[2023-10-03 00:19:07Z INFO CommandLineParser] HasArgs: True
[2023-10-03 00:19:07Z INFO CommandLineParser] Adding option 'url': 'https://github.com/lfcamargo1991/calculator'
[2023-10-03 00:19:07Z INFO CommandLineParser] parsing argument
[2023-10-03 00:19:07Z INFO CommandLineParser] HasArgs: True
[2023-10-03 00:19:07Z INFO CommandLineParser] arg: token
[2023-10-03 00:19:07Z INFO CommandLineParser] parsing argument
[2023-10-03 00:19:07Z INFO CommandLineParser] HasArgs: True
[2023-10-03 00:19:07Z INFO CommandLineParser] Adding option 'token': '***'
[2023-10-03 00:19:07Z INFO Listener] Arguments parsed
[2023-10-03 00:19:07Z INFO Runner] ExecuteCommand
[2023-10-03 00:19:07Z INFO ConfigurationStore] currentAssemblyLocation: C:\GIT\meuGITHUB\calculator\actions-runner\bin\Runner.Listener.dll
[2023-10-03 00:19:07Z INFO HostContext] Well known directory 'Bin': 'C:\GIT\meuGITHUB\calculator\actions-runner\bin'
[2023-10-03 00:19:07Z INFO ConfigurationStore] binPath: C:\GIT\meuGITHUB\calculator\actions-runner\bin
[2023-10-03 00:19:07Z INFO HostContext] Well known directory 'Bin': 'C:\GIT\meuGITHUB\calculator\actions-runner\bin'
[2023-10-03 00:19:07Z INFO HostContext] Well known directory 'Root': 'C:\GIT\meuGITHUB\calculator\actions-runner'
[2023-10-03 00:19:07Z INFO ConfigurationStore] RootFolder: C:\GIT\meuGITHUB\calculator\actions-runner
[2023-10-03 00:19:07Z INFO HostContext] Well known directory 'Bin': 'C:\GIT\meuGITHUB\calculator\actions-runner\bin'
[2023-10-03 00:19:07Z INFO HostContext] Well known directory 'Root': 'C:\GIT\meuGITHUB\calculator\actions-runner'
[2023-10-03 00:19:07Z INFO HostContext] Well known config file 'Runner': 'C:\GIT\meuGITHUB\calculator\actions-runner\.runner'
[2023-10-03 00:19:07Z INFO ConfigurationStore] ConfigFilePath: C:\GIT\meuGITHUB\calculator\actions-runner\.runner
[2023-10-03 00:19:07Z INFO HostContext] Well known directory 'Bin': 'C:\GIT\meuGITHUB\calculator\actions-runner\bin'
[2023-10-03 00:19:07Z INFO HostContext] Well known directory 'Root': 'C:\GIT\meuGITHUB\calculator\actions-runner'
[2023-10-03 00:19:07Z INFO HostContext] Well known config file 'Credentials': 'C:\GIT\meuGITHUB\calculator\actions-runner\.credentials'
[2023-10-03 00:19:07Z INFO ConfigurationStore] CredFilePath: C:\GIT\meuGITHUB\calculator\actions-runner\.credentials
[2023-10-03 00:19:07Z INFO HostContext] Well known directory 'Bin': 'C:\GIT\meuGITHUB\calculator\actions-runner\bin'
[2023-10-03 00:19:07Z INFO HostContext] Well known directory 'Root': 'C:\GIT\meuGITHUB\calculator\actions-runner'
[2023-10-03 00:19:07Z INFO HostContext] Well known config file 'MigratedCredentials': 'C:\GIT\meuGITHUB\calculator\actions-runner\.credentials_migrated'
[2023-10-03 00:19:07Z INFO ConfigurationStore] MigratedCredFilePath: C:\GIT\meuGITHUB\calculator\actions-runner\.credentials_migrated
[2023-10-03 00:19:07Z INFO HostContext] Well known directory 'Bin': 'C:\GIT\meuGITHUB\calculator\actions-runner\bin'
[2023-10-03 00:19:07Z INFO HostContext] Well known directory 'Root': 'C:\GIT\meuGITHUB\calculator\actions-runner'
[2023-10-03 00:19:07Z INFO HostContext] Well known config file 'Service': 'C:\GIT\meuGITHUB\calculator\actions-runner\.service'
[2023-10-03 00:19:07Z INFO ConfigurationStore] ServiceConfigFilePath: C:\GIT\meuGITHUB\calculator\actions-runner\.service
[2023-10-03 00:19:07Z INFO CommandSettings] Flag 'help': 'False'
[2023-10-03 00:19:07Z INFO CommandSettings] Flag 'version': 'False'
[2023-10-03 00:19:07Z INFO CommandSettings] Flag 'commit': 'False'
[2023-10-03 00:19:07Z INFO CommandSettings] Flag 'check': 'False'
[2023-10-03 00:19:07Z INFO CommandSettings] Command 'configure': 'True'
[2023-10-03 00:19:07Z INFO Terminal] WRITE LINE: 
[2023-10-03 00:19:07Z INFO Terminal] WRITE LINE: --------------------------------------------------------------------------------
[2023-10-03 00:19:07Z INFO Terminal] WRITE LINE: |        ____ _ _   _   _       _          _        _   _                      |
[2023-10-03 00:19:07Z INFO Terminal] WRITE LINE: |       / ___(_) |_| | | |_   _| |__      / \   ___| |_(_) ___  _ __  ___      |
[2023-10-03 00:19:07Z INFO Terminal] WRITE LINE: |      | |  _| | __| |_| | | | | '_ \    / _ \ / __| __| |/ _ \| '_ \/ __|     |
[2023-10-03 00:19:07Z INFO Terminal] WRITE LINE: |      | |_| | | |_|  _  | |_| | |_) |  / ___ \ (__| |_| | (_) | | | \__ \     |
[2023-10-03 00:19:07Z INFO Terminal] WRITE LINE: |       \____|_|\__|_| |_|\__,_|_.__/  /_/   \_\___|\__|_|\___/|_| |_|___/     |
[2023-10-03 00:19:07Z INFO Terminal] WRITE LINE: |                                                                              |
[2023-10-03 00:19:07Z INFO Terminal] WRITE: |                       
[2023-10-03 00:19:07Z INFO Terminal] WRITE: Self-hosted runner registration
[2023-10-03 00:19:07Z INFO Terminal] WRITE LINE:                         |
[2023-10-03 00:19:07Z INFO Terminal] WRITE LINE: |                                                                              |
[2023-10-03 00:19:07Z INFO Terminal] WRITE LINE: --------------------------------------------------------------------------------
[2023-10-03 00:19:07Z INFO ConfigurationManager] ConfigureAsync
[2023-10-03 00:19:07Z INFO CommandSettings] Flag 'generateServiceConfig': 'False'
[2023-10-03 00:19:07Z INFO ConfigurationStore] IsConfigured()
[2023-10-03 00:19:07Z INFO ConfigurationStore] IsConfigured: False
[2023-10-03 00:19:07Z INFO ConfigurationManager] Is configured: False
[2023-10-03 00:19:07Z INFO CommandSettings] Arg 'url': 'https://github.com/lfcamargo1991/calculator'
[2023-10-03 00:19:07Z INFO CommandSettings] Remove url from Arg dictionary.
[2023-10-03 00:19:07Z INFO CommandSettings] Arg 'token': '***'
[2023-10-03 00:19:07Z INFO CommandSettings] Remove token from Arg dictionary.
[2023-10-03 00:19:08Z INFO ConfigurationManager] Http response code: OK from 'POST https://api.github.com/actions/runner-registration' (FB98:5CF2:2F7567:318710:651B5DFC)
[2023-10-03 00:19:08Z INFO ConfigurationManager] Using V2 flow: False
[2023-10-03 00:19:08Z INFO ConfigurationManager] cred retrieved via GitHub auth
[2023-10-03 00:19:08Z INFO RunnerServer] EstablishVssConnection
[2023-10-03 00:19:08Z INFO RunnerServer] Establish connection with 100 seconds timeout.
[2023-10-03 00:19:08Z INFO GitHubActionsService] Starting operation Location.GetConnectionData
[2023-10-03 00:19:08Z INFO RunnerServer] EstablishVssConnection
[2023-10-03 00:19:08Z INFO RunnerServer] Establish connection with 60 seconds timeout.
[2023-10-03 00:19:08Z INFO GitHubActionsService] Starting operation Location.GetConnectionData
[2023-10-03 00:19:08Z INFO RunnerServer] EstablishVssConnection
[2023-10-03 00:19:08Z INFO RunnerServer] Establish connection with 60 seconds timeout.
[2023-10-03 00:19:08Z INFO GitHubActionsService] Starting operation Location.GetConnectionData
[2023-10-03 00:19:09Z INFO GitHubActionsService] Finished operation Location.GetConnectionData
[2023-10-03 00:19:10Z INFO GitHubActionsService] Finished operation Location.GetConnectionData
[2023-10-03 00:19:12Z INFO GitHubActionsService] Finished operation Location.GetConnectionData
[2023-10-03 00:19:12Z INFO Terminal] WRITE LINE: 
[2023-10-03 00:19:12Z INFO ConfigurationManager] Test Connection complete.
[2023-10-03 00:19:12Z INFO HostContext] Well known directory 'Bin': 'C:\GIT\meuGITHUB\calculator\actions-runner\bin'
[2023-10-03 00:19:12Z INFO HostContext] Well known directory 'Root': 'C:\GIT\meuGITHUB\calculator\actions-runner'
[2023-10-03 00:19:12Z INFO HostContext] Well known config file 'RSACredentials': 'C:\GIT\meuGITHUB\calculator\actions-runner\.credentials_rsaparams'
[2023-10-03 00:19:12Z INFO RSAEncryptedFileKeyManager] Creating new RSA key using 2048-bit key length
[2023-10-03 00:19:12Z INFO RSAEncryptedFileKeyManager] Successfully saved RSA key parameters to file C:\GIT\meuGITHUB\calculator\actions-runner\.credentials_rsaparams
[2023-10-03 00:19:12Z INFO CommandSettings] Arg 'runnergroup': ''
[2023-10-03 00:19:12Z INFO CommandSettings] Flag 'unattended': 'False'
[2023-10-03 00:19:12Z INFO PromptManager] ReadValue
[2023-10-03 00:19:12Z INFO Terminal] WRITE: Enter the name of the runner group to add this runner to: 
[2023-10-03 00:19:12Z INFO Terminal] WRITE: [press Enter for Default] 
[2023-10-03 00:19:12Z INFO Terminal] READ LINE
[2023-10-03 00:19:24Z INFO Terminal] Read value: ''
[2023-10-03 00:19:24Z INFO PromptManager] Falling back to the default: 'Default'
[2023-10-03 00:19:24Z INFO Terminal] WRITE LINE: 
[2023-10-03 00:19:24Z INFO ConfigurationManager] Found a self-hosted runner group with id 1 and name Default
[2023-10-03 00:19:24Z INFO CommandSettings] Flag 'disableupdate': 'False'
[2023-10-03 00:19:24Z INFO CommandSettings] Flag 'ephemeral': 'False'
[2023-10-03 00:19:24Z INFO CommandSettings] Arg 'name': ''
[2023-10-03 00:19:24Z INFO CommandSettings] Flag 'unattended': 'False'
[2023-10-03 00:19:24Z INFO PromptManager] ReadValue
[2023-10-03 00:19:24Z INFO Terminal] WRITE: Enter the name of runner: 
[2023-10-03 00:19:24Z INFO Terminal] WRITE: [press Enter for AVKNHTEMS649012] 
[2023-10-03 00:19:24Z INFO Terminal] READ LINE
[2023-10-03 00:19:36Z INFO Terminal] Read value: 'RunnerGitLab'
[2023-10-03 00:19:36Z INFO Terminal] WRITE LINE: 
[2023-10-03 00:19:36Z INFO CommandSettings] Arg 'labels': ''
[2023-10-03 00:19:36Z INFO CommandSettings] Flag 'unattended': 'False'
[2023-10-03 00:19:36Z INFO PromptManager] ReadValue
[2023-10-03 00:19:36Z INFO Terminal] WRITE: This runner will have the following labels: 'self-hosted', 'Windows', 'X64' 
Enter any additional labels (ex. label-1,label-2): 
[2023-10-03 00:19:36Z INFO Terminal] WRITE: [press Enter to skip] 
[2023-10-03 00:19:36Z INFO Terminal] READ LINE
[2023-10-03 00:19:50Z INFO Terminal] Read value: ''
[2023-10-03 00:19:50Z INFO Terminal] WRITE LINE: 
[2023-10-03 00:19:50Z INFO CommandSettings] Flag 'disableupdate': 'False'
[2023-10-03 00:19:50Z INFO CommandSettings] Flag 'no-default-labels': 'False'
[2023-10-03 00:19:50Z INFO CommandSettings] Flag 'disableupdate': 'False'
[2023-10-03 00:19:50Z INFO CommandSettings] Flag 'ephemeral': 'False'
[2023-10-03 00:19:50Z INFO ConfigurationStore] Saving OAuth credential @ C:\GIT\meuGITHUB\calculator\actions-runner\.credentials
[2023-10-03 00:19:50Z INFO ConfigurationStore] Credentials Saved.
[2023-10-03 00:19:50Z INFO ConfigurationStore] HasCredentials()
[2023-10-03 00:19:50Z INFO ConfigurationStore] stored True
[2023-10-03 00:19:50Z INFO CredentialManager] GetCredentialProvider
[2023-10-03 00:19:50Z INFO CredentialManager] Creating type OAuth
[2023-10-03 00:19:50Z INFO CredentialManager] Creating credential type: OAuth
[2023-10-03 00:19:50Z INFO RSAEncryptedFileKeyManager] Loading RSA key parameters from file C:\GIT\meuGITHUB\calculator\actions-runner\.credentials_rsaparams
[2023-10-03 00:19:50Z INFO RunnerServer] EstablishVssConnection
[2023-10-03 00:19:50Z INFO RunnerServer] Establish connection with 100 seconds timeout.
[2023-10-03 00:19:50Z INFO GitHubActionsService] Starting operation Location.GetConnectionData
[2023-10-03 00:19:50Z INFO RunnerServer] EstablishVssConnection
[2023-10-03 00:19:50Z INFO RunnerServer] Establish connection with 60 seconds timeout.
[2023-10-03 00:19:50Z INFO GitHubActionsService] Starting operation Location.GetConnectionData
[2023-10-03 00:19:50Z INFO RunnerServer] EstablishVssConnection
[2023-10-03 00:19:50Z INFO RunnerServer] Establish connection with 60 seconds timeout.
[2023-10-03 00:19:50Z INFO GitHubActionsService] Starting operation Location.GetConnectionData
[2023-10-03 00:19:51Z INFO GitHubActionsService] Finished operation Location.GetConnectionData
[2023-10-03 00:19:51Z INFO GitHubActionsService] Finished operation Location.GetConnectionData
[2023-10-03 00:19:52Z INFO GitHubActionsService] Finished operation Location.GetConnectionData
[2023-10-03 00:19:52Z INFO RSAEncryptedFileKeyManager] Loading RSA key parameters from file C:\GIT\meuGITHUB\calculator\actions-runner\.credentials_rsaparams
[2023-10-03 00:19:52Z INFO RSAEncryptedFileKeyManager] Loading RSA key parameters from file C:\GIT\meuGITHUB\calculator\actions-runner\.credentials_rsaparams
[2023-10-03 00:19:53Z INFO GitHubActionsService] AAD Correlation ID for this token request: Unknown
[2023-10-03 00:19:53Z INFO CommandSettings] Arg 'work': ''
[2023-10-03 00:19:53Z INFO CommandSettings] Flag 'unattended': 'False'
[2023-10-03 00:19:53Z INFO PromptManager] ReadValue
[2023-10-03 00:19:53Z INFO Terminal] WRITE: Enter name of work folder: 
[2023-10-03 00:19:53Z INFO Terminal] WRITE: [press Enter for _work] 
[2023-10-03 00:19:53Z INFO Terminal] READ LINE
[2023-10-03 00:19:58Z INFO Terminal] Read value: './run.cmd'
[2023-10-03 00:19:58Z INFO ConfigurationStore] Saving runner settings.
[2023-10-03 00:19:58Z INFO ConfigurationStore] Settings Saved.
[2023-10-03 00:19:58Z INFO Terminal] WRITE LINE: 
[2023-10-03 00:19:58Z INFO Terminal] WRITE LINE: 
[2023-10-03 00:19:58Z INFO CommandSettings] Flag 'runasservice': 'False'
[2023-10-03 00:19:58Z INFO CommandSettings] Flag 'unattended': 'False'
[2023-10-03 00:19:58Z INFO PromptManager] ReadValue
[2023-10-03 00:19:58Z INFO Terminal] WRITE: Would you like to run the runner as service? (Y/N) 
[2023-10-03 00:19:58Z INFO Terminal] WRITE: [press Enter for N] 
[2023-10-03 00:19:58Z INFO Terminal] READ LINE
[2023-10-03 00:20:04Z INFO Terminal] Read value: 'y'
[2023-10-03 00:20:04Z INFO ConfigurationManager] Configuring to run the agent as service
[2023-10-03 00:20:04Z ERR  WindowsServiceControlManager] Needs Administrator privileges for configure runner as windows service.
[2023-10-03 00:20:04Z ERR  Runner] System.Security.SecurityException: Needs Administrator privileges for configuring runner as windows service.
   at GitHub.Runner.Listener.Configuration.WindowsServiceControlManager.ConfigureService(RunnerSettings settings, CommandSettings command)
   at GitHub.Runner.Listener.Configuration.ConfigurationManager.ConfigureAsync(CommandSettings command)
   at GitHub.Runner.Listener.Runner.ExecuteCommand(CommandSettings command)
[2023-10-03 00:20:04Z ERR  Terminal] WRITE ERROR: Needs Administrator privileges for configuring runner as windows service.
[2023-10-03 00:20:04Z INFO Listener] Runner execution has finished with return code 1
